<?xml version="1.0" encoding="UTF-8"?>
<!-- Generated by org.testng.reporters.JUnitXMLReporter -->
<testsuite ignored="0" hostname="LAPTOP-8DLFJ8DL" failures="1" tests="2" name="Test_Chrome(failed)" time="31.363" errors="0" timestamp="2022-04-07T12:46:11 IST">
  <testcase classname="testClasses.AddNewAddress" name="verifyUserCanLogin" time="6.747"/>
  <testcase classname="testClasses.AddNewAddress" name="userCanAddNewAddress" time="8.898">
    <failure type="java.io.IOException" message="Your InputStream was neither an OLE2 stream, nor an OOXML stream or you haven&amp;apos;t provide the poi-ooxml*.jar in the classpath/modulepath - FileMagic: OOXML, having providers: [org.apache.poi.hssf.usermodel.HSSFWorkbookFactory@7be71476]">
      <![CDATA[java.io.IOException: Your InputStream was neither an OLE2 stream, nor an OOXML stream or you haven't provide the poi-ooxml*.jar in the classpath/modulepath - FileMagic: OOXML, having providers: [org.apache.poi.hssf.usermodel.HSSFWorkbookFactory@7be71476]
at org.apache.poi.ss.usermodel.WorkbookFactory.wp(WorkbookFactory.java:334)
at org.apache.poi.ss.usermodel.WorkbookFactory.create(WorkbookFactory.java:224)
at org.apache.poi.ss.usermodel.WorkbookFactory.create(WorkbookFactory.java:185)
at UtilClasses.Util1.getMultipleDataFromXcel(Util1.java:47)
at pomclasses.ProfilePage.getDataForAddress(ProfilePage.java:55)
at testClasses.AddNewAddress.userCanAddNewAddress(AddNewAddress.java:80)
at java.base/java.util.ArrayList.forEach(ArrayList.java:1511)
... Removed 27 stack frames]]>
    </failure>
  </testcase> <!-- userCanAddNewAddress -->
</testsuite> <!-- Test_Chrome(failed) -->
