<?xml version="1.0" encoding="UTF-8"?>
<testng-results ignored="0" total="2" passed="2" failed="0" skipped="0">
  <reporter-output>
  </reporter-output>
  <suite started-at="2022-04-07T14:03:38 IST" name="Suite" finished-at="2022-04-07T14:04:16 IST" duration-ms="38643">
    <groups>
    </groups>
    <test started-at="2022-04-07T14:03:38 IST" name="Test_Chrome" finished-at="2022-04-07T14:04:16 IST" duration-ms="38643">
      <class name="testClasses.AddNewAddress">
        <test-method is-config="true" signature="beforeClass(java.lang.String)[pri:0, instance:testClasses.AddNewAddress@351d00c0]" started-at="2022-04-07T14:03:38 IST" name="beforeClass" finished-at="2022-04-07T14:03:53 IST" duration-ms="15670" status="PASS">
          <params>
            <param index="0">
              <value>
                <![CDATA[chrome]]>
              </value>
            </param>
          </params>
          <reporter-output>
          </reporter-output>
        </test-method> <!-- beforeClass -->
        <test-method is-config="true" signature="beforemethod()[pri:0, instance:testClasses.AddNewAddress@351d00c0]" started-at="2022-04-07T14:03:53 IST" name="beforemethod" finished-at="2022-04-07T14:03:54 IST" duration-ms="119" status="PASS">
          <reporter-output>
          </reporter-output>
        </test-method> <!-- beforemethod -->
        <test-method signature="verifyUserCanLogin()[pri:0, instance:testClasses.AddNewAddress@351d00c0]" started-at="2022-04-07T14:03:54 IST" name="verifyUserCanLogin" finished-at="2022-04-07T14:04:03 IST" duration-ms="9032" status="PASS">
          <reporter-output>
          </reporter-output>
        </test-method> <!-- verifyUserCanLogin -->
        <test-method is-config="true" signature="afterMethod(org.testng.ITestResult)[pri:0, instance:testClasses.AddNewAddress@351d00c0]" started-at="2022-04-07T14:04:03 IST" name="afterMethod" finished-at="2022-04-07T14:04:03 IST" duration-ms="2" status="PASS">
          <params>
            <param index="0">
              <value>
                <![CDATA[[TestResult name=verifyUserCanLogin status=SUCCESS method=AddNewAddress.verifyUserCanLogin()[pri:0, instance:testClasses.AddNewAddress@351d00c0] output={null}]]]>
              </value>
            </param>
          </params>
          <reporter-output>
          </reporter-output>
        </test-method> <!-- afterMethod -->
        <test-method is-config="true" signature="beforemethod()[pri:0, instance:testClasses.AddNewAddress@351d00c0]" started-at="2022-04-07T14:04:03 IST" name="beforemethod" finished-at="2022-04-07T14:04:03 IST" duration-ms="4" status="PASS">
          <reporter-output>
          </reporter-output>
        </test-method> <!-- beforemethod -->
        <test-method signature="userCanAddNewAddress()[pri:1, instance:testClasses.AddNewAddress@351d00c0]" started-at="2022-04-07T14:04:03 IST" name="userCanAddNewAddress" finished-at="2022-04-07T14:04:16 IST" duration-ms="13252" status="PASS">
          <reporter-output>
          </reporter-output>
        </test-method> <!-- userCanAddNewAddress -->
        <test-method is-config="true" signature="afterMethod(org.testng.ITestResult)[pri:0, instance:testClasses.AddNewAddress@351d00c0]" started-at="2022-04-07T14:04:16 IST" name="afterMethod" finished-at="2022-04-07T14:04:16 IST" duration-ms="2" status="PASS">
          <params>
            <param index="0">
              <value>
                <![CDATA[[TestResult name=userCanAddNewAddress status=SUCCESS method=AddNewAddress.userCanAddNewAddress()[pri:1, instance:testClasses.AddNewAddress@351d00c0] output={null}]]]>
              </value>
            </param>
          </params>
          <reporter-output>
          </reporter-output>
        </test-method> <!-- afterMethod -->
        <test-method is-config="true" signature="afterClass()[pri:0, instance:testClasses.AddNewAddress@351d00c0]" started-at="2022-04-07T14:04:16 IST" name="afterClass" finished-at="2022-04-07T14:04:16 IST" duration-ms="477" status="PASS">
          <reporter-output>
          </reporter-output>
        </test-method> <!-- afterClass -->
      </class> <!-- testClasses.AddNewAddress -->
    </test> <!-- Test_Chrome -->
  </suite> <!-- Suite -->
</testng-results>
